nohup: ignoring input
[INFO] Scanning for projects...
[INFO]                                                                         
[INFO] ------------------------------------------------------------------------
[INFO] Building cds 0.0.1-SNAPSHOT
[INFO] ------------------------------------------------------------------------
[INFO] 
[INFO] --- exec-maven-plugin:1.3.2:java (default-cli) @ cds ---
[WARNING] Warning: killAfter is now deprecated. Do you need it ? Please comment on MEXEC-6.
Oct 07, 2014 3:13:04 PM edu.cmu.cs.lti.cds.runners.DiscourseParserRunner main
INFO: DiscourseParserRunner started...
log4j:WARN No appenders could be found for logger (org.springframework.beans.TypeConverterDelegate).
log4j:WARN Please initialize the log4j system properly.
log4j:WARN See http://logging.apache.org/log4j/1.2/faq.html#noconfig for more info.
SLF4J: Class path contains multiple SLF4J bindings.
SLF4J: Found binding in [jar:file:/home/hector/.m2/repository/org/slf4j/slf4j-simple/1.7.5/slf4j-simple-1.7.5.jar!/org/slf4j/impl/StaticLoggerBinder.class]
SLF4J: Found binding in [jar:file:/home/hector/.m2/repository/ch/qos/logback/logback-classic/1.0.10/logback-classic-1.0.10.jar!/org/slf4j/impl/StaticLoggerBinder.class]
SLF4J: See http://www.slf4j.org/codes.html#multiple_bindings for an explanation.
SLF4J: Actual binding is of type [org.slf4j.impl.SimpleLoggerFactory]
Oct 07, 2014 3:13:10 PM edu.cmu.cs.lti.cds.annotators.DiscourseParserAnnotator initialize
INFO: Loading RST parser from edu/arizona/sista/discourse/rstparser/model.const.rst.gz
